C:\GIT\Programming\Projects\Long term projects\Onymity\BotThingy\BotThingy\Debug\BotThingy.exe.intermediate.manifest
C:\GIT\Programming\Projects\Long term projects\Onymity\BotThingy\BotThingy\Debug\cl.command.1.tlog
C:\GIT\Programming\Projects\Long term projects\Onymity\BotThingy\BotThingy\Debug\CL.read.1.tlog
C:\GIT\Programming\Projects\Long term projects\Onymity\BotThingy\BotThingy\Debug\CL.write.1.tlog
C:\GIT\Programming\Projects\Long term projects\Onymity\BotThingy\BotThingy\Debug\link.command.1.tlog
C:\GIT\Programming\Projects\Long term projects\Onymity\BotThingy\BotThingy\Debug\link.read.1.tlog
C:\GIT\Programming\Projects\Long term projects\Onymity\BotThingy\BotThingy\Debug\link.write.1.tlog
C:\GIT\Programming\Projects\Long term projects\Onymity\BotThingy\BotThingy\Debug\Main.obj
C:\GIT\Programming\Projects\Long term projects\Onymity\BotThingy\BotThingy\Debug\mt.command.1.tlog
C:\GIT\Programming\Projects\Long term projects\Onymity\BotThingy\BotThingy\Debug\mt.read.1.tlog
C:\GIT\Programming\Projects\Long term projects\Onymity\BotThingy\BotThingy\Debug\mt.write.1.tlog
C:\GIT\Programming\Projects\Long term projects\Onymity\BotThingy\BotThingy\Debug\vc100.idb
C:\GIT\Programming\Projects\Long term projects\Onymity\BotThingy\BotThingy\Debug\vc100.pdb
C:\GIT\Programming\Projects\Long term projects\Onymity\Debug\BotThingy.exe
C:\GIT\Programming\Projects\Long term projects\Onymity\Debug\BotThingy.ilk
C:\GIT\Programming\Projects\Long term projects\Onymity\Debug\BotThingy.pdb
C:\USERS\CED\DESKTOP\BZR\PROGRAMMING\PROJECTS\2011 JULY - NOW\BOTTEST 2011\BOTTHINGY\BOTTHINGY\DEBUG\BOTTHINGY.EXE.INTERMEDIATE.MANIFEST
C:\USERS\CED\DESKTOP\BZR\PROGRAMMING\PROJECTS\2011 JULY - NOW\BOTTEST 2011\BOTTHINGY\BOTTHINGY\DEBUG\MAIN.OBJ
C:\USERS\CED\DESKTOP\BZR\PROGRAMMING\PROJECTS\2011 JULY - NOW\BOTTEST 2011\BOTTHINGY\BOTTHINGY\DEBUG\VC100.PDB
C:\USERS\CED\DESKTOP\BZR\PROGRAMMING\PROJECTS\2011 JULY - NOW\BOTTEST 2011\BOTTHINGY\DEBUG\BOTTHINGY.EXE
C:\USERS\CED\DESKTOP\BZR\PROGRAMMING\PROJECTS\2011 JULY - NOW\BOTTEST 2011\DEBUG\BOTTHINGY.EXE
C:\USERS\CED\DESKTOP\BZR\PROGRAMMING\PROJECTS\2011 JULY - NOW\BOTTEST 2011\DEBUG\BOTTHINGY.ILK
C:\USERS\CED\DESKTOP\BZR\PROGRAMMING\PROJECTS\2011 JULY - NOW\BOTTEST 2011\DEBUG\BOTTHINGY.PDB
C:\USERS\CED\DESKTOP\BZR\PROGRAMMING\PROJECTS\2011 JULY - NOW\ONYMITY\BOTTHINGY\BOTTHINGY\DEBUG\BOTTHINGY.EXE.INTERMEDIATE.MANIFEST
C:\USERS\CED\DESKTOP\BZR\PROGRAMMING\PROJECTS\2011 JULY - NOW\ONYMITY\BOTTHINGY\BOTTHINGY\DEBUG\MAIN.OBJ
C:\USERS\CED\DESKTOP\BZR\PROGRAMMING\PROJECTS\2011 JULY - NOW\ONYMITY\BOTTHINGY\BOTTHINGY\DEBUG\VC100.PDB
C:\USERS\CED\DESKTOP\BZR\PROGRAMMING\PROJECTS\2011 JULY - NOW\ONYMITY\DEBUG\BOTTHINGY.EXE
C:\USERS\CED\DESKTOP\BZR\PROGRAMMING\PROJECTS\2011 JULY - NOW\ONYMITY\DEBUG\BOTTHINGY.ILK
C:\USERS\CED\DESKTOP\BZR\PROGRAMMING\PROJECTS\2011 JULY - NOW\ONYMITY\DEBUG\BOTTHINGY.PDB
